{
  "RSpec": {
    "coverage": {
      "/Users/manleyhimself/Code/rails-apps/nyc-lobbyists/nyc-lobbyists-app/app/models/lobbyist_action.rb": [
        1,
        1,
        1,
        null
      ],
      "/Users/manleyhimself/Code/rails-apps/nyc-lobbyists/nyc-lobbyists-app/app/models/lobbyist.rb": [
        1,
        1,
        1,
        1,
        1,
        1,
        1,
        null,
        1,
        0,
        0,
        null,
        0,
        null,
        null,
        1,
        0,
        null,
        null,
        1,
        0,
        0,
        null,
        null,
        1,
        0,
        0,
        null,
        0,
        null,
        null,
        1,
        0,
        null,
        null,
        1,
        0,
        0,
        null,
        null,
        null,
        null
      ],
      "/Users/manleyhimself/Code/rails-apps/nyc-lobbyists/nyc-lobbyists-app/app/models/concerns/model_instance_methods.rb": [
        1,
        1,
        null,
        1,
        4,
        null,
        null,
        1,
        402,
        null,
        null
      ],
      "/Users/manleyhimself/Code/rails-apps/nyc-lobbyists/nyc-lobbyists-app/app/models/client.rb": [
        1,
        1,
        1,
        1,
        1,
        null,
        1,
        0,
        0,
        null,
        0,
        null,
        null,
        1,
        0,
        null,
        null,
        1,
        0,
        0,
        null,
        null,
        null,
        null
      ],
      "/Users/manleyhimself/Code/rails-apps/nyc-lobbyists/nyc-lobbyists-app/app/models/agency.rb": [
        1,
        1,
        1,
        1,
        1,
        1,
        null,
        null
      ],
      "/Users/manleyhimself/Code/rails-apps/nyc-lobbyists/nyc-lobbyists-app/app/models/firm.rb": [
        1,
        1,
        1,
        1,
        null,
        null,
        1,
        0,
        0,
        0,
        null,
        null,
        0,
        null,
        null,
        1,
        0,
        null,
        null,
        1,
        0,
        0,
        null,
        null,
        1,
        2,
        9,
        7,
        7,
        null,
        0,
        null,
        null,
        2,
        null,
        null,
        null
      ],
      "/Users/manleyhimself/Code/rails-apps/nyc-lobbyists/nyc-lobbyists-app/app/models/action.rb": [
        1,
        1,
        1,
        1,
        1,
        1,
        null,
        null,
        null,
        null,
        null,
        null,
        null,
        null,
        null,
        null
      ],
      "/Users/manleyhimself/Code/rails-apps/nyc-lobbyists/nyc-lobbyists-app/app/models/agency_action.rb": [
        1,
        1,
        1,
        null
      ]
    },
    "timestamp": 1386021883
  }
}
